QAflisp - FLISP Absolute crossassembler, Version 1.3
(c) GMV 1989-2023


File: displayseg.lst
FC                      1. DIPSWITCH:	EQU	$FC
---- File: "displayseg.sflisp"
FB                      2. SEGMENT7:	EQU	$FB
                        3. 
00                      4. 		ORG	$0
00 3F 06 5B 4F 66 6D    5. seg_table:	FCB	$3F,$06,$5B,$4F,$66,$6D,$7D,$07,$7F,$6F
     7D 07 7F 6F      
0A                      6. 		
20                      7. 		ORG	$20
20 90 00                8. start:		LDX	#seg_table
22 F1 FC                9. 		LDA	DIPSWITCH
24 F4                  10. 		LDA	A,X
25 E1 FB               11. 		STA	SEGMENT7
27 33 20               12. 		JMP	start
                       13. 
FF                     14. 		ORG	$FF
FF 20                  15. 		FCB	start