QAflisp - FLISP Absolute crossassembler, Version 1.3
(c) GMV 1989-2023


File: Lab_4-3B.lst
FB                      1. OUTPORT:	EQU	$FB
---- File: "Lab_4-3B.sflisp"
FC                      2. INPORT:		EQU	$FC
                        3. 
00                      4. 		ORG	$0
00 05 06 0A 09          5. motor_states:	FCB	$05,$06,$0A,$09
04 00                   6. state_index	FCB	$00
                        7. 
                        8. 
20                      9. 		ORG	$20
20 92 20               10. start:		LDSP	#$20
22 34 26               11. 		JSR	main
24 33 20               12. 		JMP	start
                       13. 
                       14. 
26 90 00               15. main:		LDX	#motor_states
28 34 33               16. main_1:		JSR	delay
2A F1 04               17. 		LDA	state_index
2C F4                  18. 		LDA	A,X
2D E1 FB               19. 		STA	OUTPORT
2F 34 3A               20. 		JSR	nextState
31 33 28               21. 		JMP	main_1
33                     22. 		
                       23. 
33                     24. delay:		;PSHA
33 F1 FC               25. 		LDA	INPORT
35 07                  26. 		INCA
36 08                  27. delay_1:	DECA
37 25 FD               28. 		BNE	delay_1
39                     29. 		;PULA
39 43                  30. 		RTS
                       31. 
                       32. 
3A                     33. nextState:	;PSHA
3A F1 04               34. 		LDA	state_index
3C 07                  35. 		INCA
3D 99 03               36. 		ANDA	#$03
3F E1 04               37. 		STA	state_index
41                     38. 		;PULA
41 43                  39. 		RTS
                       40. 
FF                     41. 		ORG	$FF
FF 20                  42. 		FCB	start