QAflisp - FLISP Absolute crossassembler, Version 1.3
(c) GMV 1989-2023


File: RunDiodeDelay.lst
FB                      1. LED:	EQU	$FB
---- File: "RunDiodeDelay.sflisp"
20                      2. 	ORG	$20
                        3. 
20 92 20                4. start:	LDSP	#$20
22 34 26                5. 	JSR	main
24 33 20                6. 	JMP	start
                        7. 
26 05                   8. main:	CLRA
27 F0 01                9. 	LDA	#$01
29 E1 FB               10. main_1:	STA	LED
2B 0D                  11. 	ROLA
2C                     12. 	;JSR	delay
2C 33 29               13. 	JMP	main_1
                       14. 
2E 10                  15. delay:	PSHA
2F 13                  16. 	PSHC
30 F0 FF               17. 	LDA	#$FF
32 08                  18. delay_1:DECA
33 25 FD               19. 	BNE	delay_1
35 17                  20. 	PULC
36 14                  21. 	PULA
37 43                  22. 	RTS
                       23. 
                       24. 
                       25. 
FF                     26. 	ORG	$FF
FF 20                  27. 	FCB	start